1348
100183 381001
100271 172001
100411 114001
100483 384001
100511 115001
100523 325001
100621 126001
100673 376001
100693 396001
100913 319001
101141 141101
101281 182101
101293 392101
101323 323101
101333 333101
101383 383101
101503 305101
101531 135101
101573 375101
101611 116101
101653 356101
101701 107101
101771 177101
101873 378101
102031 130201
102043 340201
102061 160201
102161 161201
102181 181201
102233 332201
102253 352201
102293 392201
102461 164201
102523 325201
102551 155201
102563 365201
102593 395201
102611 116201
102643 346201
102701 107201
102763 367201
102841 148201
102913 319201
102931 139201
103091 190301
103123 321301
103141 141301
103183 381301
103391 193301
103393 393301
103421 124301
103423 324301
103483 384301
103511 115301
103613 316301
103681 186301
103703 307301
103801 108301
103813 318301
103841 148301
103963 369301
104021 120401
104183 381401
104393 393401
104683 386401
104723 327401
104743 347401
104801 108401
104831 138401
105143 341501
105211 112501
105251 152501
105341 143501
105373 373501
105541 145501
105601 106501
105613 316501
105653 356501
105673 376501
105683 386501
105691 196501
105871 178501
105953 359501
106103 301601
106213 312601
106261 162601
106291 192601
106321 123601
106391 193601
106411 114601
106531 135601
106541 145601
106543 345601
106621 126601
106661 166601
106681 186601
106693 396601
106721 127601
106853 358601
106861 168601
106871 178601
106993 399601
107071 170701
107351 153701
107441 144701
107453 354701
107473 374701
107603 306701
107641 146701
107713 317701
107881 188701
107951 159701
107981 189701
108013 310801
108191 191801
108193 391801
108203 302801
108263 362801
108271 172801
108343 343801
108463 364801
108761 167801
108803 308801
108863 368801
108881 188801
108923 329801
108943 349801
108971 179801
109013 310901
109063 360901
109103 301901
109211 112901
109363 363901
109423 324901
109471 174901
109481 184901
109583 385901
109663 366901
109751 157901
109873 378901
109883 388901
109891 198901
109913 319901
110023 320011
110051 150011
110183 381011
110221 122011
110233 332011
110261 162011
110281 182011
110311 113011
110543 345011
110603 306011
110641 146011
110651 156011
110771 177011
110881 188011
110921 129011
111043 340111
111053 350111
111211 112111
111253 352111
111341 143111
111443 344111
111593 395111
111781 187111
111821 128111
111863 368111
111953 359111
112031 130211
112103 301211
112163 361211
112181 181211
112213 312211
112241 142211
112361 163211
112363 363211
112403 304211
112481 184211
112571 175211
112621 126211
112663 366211
112741 147211
112771 177211
112913 319211
113081 180311
113083 380311
113123 321311
113131 131311
113143 341311
113153 351311
113173 371311
113213 312311
113591 195311
113621 126311
113723 327311
113761 167311
113903 309311
114031 130411
114041 140411
114073 370411
114161 161411
114203 302411
114343 343411
114493 394411
114571 175411
114713 317411
114743 347411
114833 338411
114913 319411
114941 149411
115013 310511
115021 120511
115133 331511
115163 361511
115561 165511
115603 306511
115631 136511
115663 366511
115733 337511
115771 177511
115823 328511
115831 138511
115931 139511
116041 140611
116131 131611
116273 372611
116293 392611
116351 153611
116381 183611
116443 344611
116483 384611
116593 395611
116911 119611
117053 350711
117071 170711
117133 331711
117193 391711
117203 302711
117241 142711
117281 182711
117331 133711
117353 353711
117413 314711
117643 346711
117671 176711
117703 307711
117721 127711
117763 367711
117773 377711
117841 148711
117881 188711
117883 388711
118043 340811
118081 180811
118171 171811
118361 163811
118423 324811
118493 394811
118543 345811
118571 175811
118583 385811
118673 376811
118843 348811
118891 198811
118903 309811
118913 319811
118973 379811
119183 381911
119191 191911
119293 392911
119321 123911
119363 363911
119633 336911
119773 377911
119783 387911
119813 318911
119881 188911
119953 359911
119983 389911
119993 399911
120121 121021
120193 391021
120283 382021
120371 173021
120413 314021
120503 305021
120563 365021
120641 146021
120661 166021
120671 176021
120713 317021
120763 367021
120863 368021
120871 178021
120941 149021
121151 151121
121291 192121
121321 123121
121421 124121
121453 354121
121591 195121
121633 336121
121763 367121
121921 129121
121931 139121
122041 140221
122051 150221
122081 180221
122131 131221
122203 302221
122263 362221
122443 344221
122471 174221
122533 335221
122663 366221
122741 147221
122761 167221
122891 198221
122921 129221
123091 190321
123143 341321
123553 355321
123583 385321
123593 395321
123731 137321
123821 128321
123833 338321
123923 329321
124181 181421
124231 132421
124303 303421
124351 153421
124433 334421
124513 315421
124643 346421
124753 357421
124771 177421
124823 328421
124951 159421
124981 189421
125053 350521
125243 342521
125383 383521
125551 155521
125641 146521
125651 156521
125683 386521
125791 197521
125803 308521
125821 128521
125863 368521
125941 149521
126031 130621
126443 344621
126461 164621
126551 155621
126583 385621
126613 316621
126631 136621
126653 356621
126683 386621
126713 317621
126743 347621
126761 167621
126823 328621
126851 158621
127033 330721
127051 150721
127123 321721
127271 172721
127373 373721
127481 184721
127493 394721
127541 145721
127643 346721
127663 366721
127733 337721
127763 367721
127781 187721
127931 139721
127951 159721
127973 379721
128033 330821
128113 311821
128341 143821
128461 164821
128483 384821
128551 155821
128603 306821
128831 138821
128873 378821
128971 179821
129193 391921
129223 322921
129281 182921
129313 313921
129443 344921
129593 395921
129641 146921
129671 176921
129793 397921
129841 148921
129893 398921
130043 340031
130241 142031
130423 324031
130553 355031
130633 336031
130693 396031
130783 387031
130843 348031
131171 171131
131293 392131
131581 185131
131591 195131
131731 137131
131743 347131
131771 177131
132071 170231
132241 142231
132283 382231
132523 325231
132751 157231
132763 367231
132833 338231
132851 158231
132863 368231
132953 359231
133033 330331
133103 301331
133213 312331
133271 172331
133283 382331
133403 304331
133583 385331
133691 196331
133723 327331
133853 358331
133963 369331
134033 330431
134053 350431
134263 362431
134291 192431
134363 363431
134371 173431
134471 174431
134593 395431
134683 386431
134753 357431
134923 329431
134951 159431
135151 151531
135353 353531
135461 164531
135581 185531
135613 316531
135671 176531
135781 187531
135841 148531
136193 391631
136223 322631
136333 333631
136343 343631
136373 373631
136403 304631
136471 174631
136481 184631
136523 325631
136573 375631
136651 156631
136693 396631
136861 168631
136951 159631
137153 351731
137303 303731
137363 363731
137653 356731
137713 317731
137743 347731
137831 138731
137941 149731
137993 399731
138041 140831
138191 191831
138403 304831
138461 164831
138581 185831
138763 367831
139291 192931
139303 303931
139313 313931
139393 393931
139423 324931
139493 394931
139591 195931
139661 166931
139871 178931
139883 388931
139943 349931
139991 199931
140143 341041
140281 182041
140333 333041
140381 183041
140453 354041
140473 374041
140603 306041
140681 186041
140683 386041
140983 389041
141023 320141
141061 160141
141161 161141
141181 181141
141371 173141
141623 326141
141653 356141
141803 308141
141833 338141
141851 158141
141863 368141
141871 178141
142151 151241
142591 195241
142673 376241
142873 378241
142903 309241
142993 399241
143113 311341
143243 342341
143281 182341
143291 192341
143333 333341
143461 164341
143573 375341
143743 347341
143791 197341
143833 338341
144061 160441
144071 170441
144073 370441
144163 361441
144253 352441
144271 172441
144323 323441
144413 314441
144481 184441
144541 145441
144563 365441
144791 197441
144941 149441
144973 379441
145043 340541
145063 360541
145283 382541
145391 193541
145433 334541
145463 364541
145603 306541
145661 166541
145861 168541
145903 309541
146033 330641
146161 161641
146323 323641
146423 324641
146563 365641
146581 185641
146683 386641
146891 198641
146953 359641
147253 352741
147263 362741
147293 392741
147391 193741
147503 305741
147551 155741
147583 385741
147661 166741
147671 176741
148061 160841
148151 151841
148243 342841
148361 163841
148483 384841
148573 375841
148663 366841
148763 367841
148891 198841
148933 339841
149053 350941
149173 371941
149213 312941
149251 152941
149333 333941
149351 153941
149423 324941
149533 335941
149561 165941
149563 365941
149603 306941
149623 326941
149873 378941
149893 398941
149993 399941
150091 190051
150151 151051
150223 322051
150343 343051
150383 383051
150523 325051
150533 335051
150743 347051
150883 388051
151153 351151
151303 303151
151381 183151
151423 324151
151483 384151
151651 156151
151783 387151
151871 178151
152083 380251
152213 312251
152293 392251
152423 324251
152443 344251
152461 164251
152563 365251
152623 326251
152723 327251
152833 338251
152981 189251
153071 170351
153271 172351
153313 313351
153623 326351
153871 178351
153913 319351
154043 340451
154073 370451
154213 312451
154243 342451
154333 333451
154423 324451
154543 345451
154573 375451
154681 186451
155153 351551
155191 191551
155203 302551
155303 303551
155453 354551
155581 185551
155671 176551
155783 387551
155851 158551
155863 368551
156061 160651
156371 173651
156671 176651
156683 386651
156703 307651
156733 337651
156781 187651
156823 328651
156971 179651
157061 160751
157081 180751
157103 301751
157181 181751
157271 172751
157273 372751
157363 363751
157433 334751
157483 384751
157513 315751
157523 325751
157733 337751
157793 397751
157813 318751
157933 339751
157991 199751
158003 300851
158071 170851
158143 341851
158233 332851
158293 392851
158371 173851
158563 365851
158663 366851
158803 308851
158843 348851
158981 189851
158993 399851
159113 311951
159223 322951
159233 332951
159553 355951
159623 326951
159671 176951
159793 397951
159853 358951
159871 178951
160033 330061
160073 370061
160183 381061
160243 342061
160343 343061
160483 384061
160981 189061
161093 390161
161233 332161
161263 362161
161333 333161
161363 363161
161561 165161
161591 195161
161683 386161
161743 347161
161783 387161
161971 179161
161983 389161
162091 190261
162293 392261
162343 343261
162391 193261
162413 314261
162553 355261
162593 395261
162671 176261
162703 307261
162791 197261
162881 188261
162971 179261
163181 181361
163363 363361
163393 393361
163633 336361
163643 346361
163733 337361
163781 187361
163871 178361
163981 189361
164183 381461
164191 191461
164233 332461
164291 192461
164513 315461
164663 366461
165173 371561
165233 332561
165313 313561
165343 343561
165653 356561
165983 389561
166043 340661
166273 372661
166603 306661
166613 316661
166723 327661
166781 187661
166843 348661
167071 170761
167381 183761
167393 393761
167413 314761
167471 174761
167633 336761
167771 177761
167861 168761
167873 378761
167891 198761
167953 359761
168013 310861
168023 320861
168193 391861
168391 193861
168433 334861
168491 194861
168523 325861
168781 187861
169003 300961
169093 390961
169283 382961
169313 313961
169483 384961
169633 336961
169691 196961
169823 328961
169991 199961
170063 360071
170081 180071
170213 312071
170243 342071
170773 377071
170873 378071
171203 302171
171271 172171
171383 383171
171553 355171
171583 385171
171653 356171
171673 376171
171713 317171
171823 328171
171863 368171
171881 188171
172223 322271
172283 382271
172681 186271
172981 189271
172993 399271
173081 180371
173183 381371
173263 362371
173273 372371
173491 194371
173573 375371
173683 386371
173713 317371
173773 377371
173783 387371
174091 190471
174281 182471
174491 194471
174583 385471
174613 316471
174673 376471
174703 307471
174773 377471
174893 398471
174943 349471
175013 310571
175291 192571
175303 303571
175393 393571
175463 364571
175481 184571
175493 394571
175523 325571
175543 345571
175633 336571
175723 327571
175753 357571
175843 348571
175853 358571
175873 378571
175891 198571
175993 399571
176191 191671
176713 317671
176753 357671
176903 309671
176923 329671
176933 339671
177013 310771
177223 322771
177433 334771
177473 374771
177533 335771
177691 196771
177743 347771
177763 367771
177893 398771
178091 190871
178223 322871
178333 333871
178393 393871
178603 306871
178681 186871
178691 196871
178693 396871
178781 187871
179083 380971
179173 371971
179203 302971
179213 312971
179243 342971
179381 183971
179453 354971
179573 375971
179581 185971
179591 195971
179593 395971
179693 396971
180023 320081
180073 370081
180181 181081
180233 332081
180263 362081
180533 335081
180883 388081
181063 360181
181183 381181
181253 352181
181513 315181
181523 325181
181693 396181
181763 367181
181813 318181
182243 342281
182503 305281
182813 318281
183263 362381
183343 343381
183683 386381
183823 328381
183943 349381
184003 300481
184013 310481
184043 340481
184273 372481
184703 307481
184823 328481
184903 309481
184993 399481
185291 192581
185303 303581
185323 323581
185363 363581
185483 384581
185491 194581
185543 345581
185593 395581
185681 186581
185693 396581
185723 327581
185813 318581
185833 338581
185893 398581
186103 301681
186113 311681
186733 337681
186773 377681
187133 331781
187223 322781
187303 303781
187423 324781
187763 367781
187823 328781
187883 388781
188273 372881
188693 396881
188863 368881
189473 374981
189491 194981
189493 394981
189653 356981
189743 347981
189823 328981
189913 319981
189983 389981
190063 360091
190403 304091
190573 375091
190891 198091
191143 341191
191173 371191
192013 310291
192113 311291
192173 371291
192193 391291
192263 362291
192373 373291
192383 383291
192463 364291
192583 385291
192613 316291
192853 358291
193093 390391
193133 331391
193153 351391
193283 382391
193423 324391
193573 375391
193763 367391
193883 388391
193891 198391
193993 399391
194003 300491
194093 390491
194413 314491
194713 317491
194723 327491
194863 368491
194891 198491
194933 339491
194963 369491
195023 320591
195043 340591
195103 301591
195343 343591
195413 314591
195743 347591
195893 398591
195913 319591
196003 300691
196193 391691
196303 303691
196523 325691
196613 316691
196853 358691
196873 378691
196993 399691
197023 320791
197033 330791
197203 302791
197233 332791
197243 342791
197383 383791
197423 324791
197453 354791
197963 369791
198073 370891
198193 391891
198223 322891
198463 364891
198553 355891
198593 395891
198613 316891
198673 376891
198733 337891
198823 328891
199103 301991
199153 351991
199313 313991
199583 385991
199603 306991
199933 339991
300073 370003
300163 361003
300323 323003
300413 314003
300673 376003
300743 347003
300953 359003
301073 370103
301183 381103
301333 333103
301463 364103
301703 307103
301753 357103
301813 318103
301933 339103
302123 321203
302143 341203
302213 312203
302483 384203
302573 375203
302723 327203
302833 338203
303143 341303
303283 382303
303463 364303
303593 395303
303643 346303
303683 386303
303803 308303
303983 389303
304193 391403
304223 322403
304253 352403
304363 363403
304393 393403
304433 334403
304813 318403
304883 388403
304903 309403
304943 349403
305093 390503
305423 324503
305603 306503
305633 336503
305783 387503
305873 378503
306133 331603
306473 374603
306763 367603
307033 330703
307093 390703
307283 382703
307633 336703
307693 396703
308153 351803
308293 392803
308323 323803
308333 333803
308923 329803
309193 391903
309623 326903
309713 317903
309853 358903
310223 322013
310273 372013
310643 346013
310663 366013
310733 337013
311293 392113
311533 335113
311653 356113
312023 320213
312073 370213
312413 314213
312563 365213
313163 361313
313273 372313
313343 343313
313763 367313
313783 387313
313853 358313
313883 388313
314243 342413
314543 345413
314693 396413
314933 339413
315223 322513
315593 395513
315743 347513
316073 370613
316133 331613
316193 391613
316223 322613
316373 373613
316633 336613
316753 357613
316783 387613
316853 358613
317333 333713
317663 366713
317693 396713
317983 389713
318523 325813
318743 347813
318823 328813
318883 388813
319343 343913
319483 384913
319973 379913
319993 399913
320063 360023
320153 351023
320273 372023
321143 341123
321323 323123
322093 390223
322463 364223
322573 375223
322583 385223
322633 336223
323093 390323
323333 333323
323623 326323
323933 339323
324053 350423
324073 370423
324143 341423
324293 392423
324893 398423
325133 331523
325163 361523
325463 364523
325693 396523
325993 399523
326083 380623
326143 341623
326693 396623
326773 377623
327163 361723
327263 362723
327553 355723
327853 358723
327923 329723
327983 389723
328063 360823
328343 343823
328373 373823
328543 345823
328633 336823
328753 357823
328883 388823
329293 392923
329333 333923
329663 366923
330053 350033
331153 351133
331543 345133
331663 366133
331883 388133
331943 349133
331973 379133
332183 381233
332263 362233
332573 375233
332743 347233
333253 352333
333433 334333
333563 365333
333973 379333
334093 390433
334643 346433
334783 387433
334793 397433
334843 348433
334973 379433
334993 399433
335383 383533
335453 354533
335633 336533
335653 356533
335693 396533
335743 347533
336253 352633
336263 362633
336773 377633
336793 397633
336863 368633
337153 351733
337543 345733
337853 358733
337873 378733
338383 383833
338573 375833
338893 398833
339653 356933
339673 376933
339943 349933
340453 354043
340573 375043
340643 346043
340693 396043
341293 392143
341543 345143
341743 347143
341953 359143
341963 369143
342343 343243
342593 395243
342653 356243
342863 368243
343153 351343
343373 373343
343943 349343
344053 350443
344263 362443
344273 372443
344293 392443
344353 353443
344453 354443
344653 356443
344693 396443
344843 348443
344863 368443
345463 364543
345643 346543
345773 377543
346453 354643
346553 355643
346793 397643
347983 389743
348053 350843
348083 380843
348163 361843
348583 385843
349183 381943
349373 373943
349493 394943
350293 392053
350663 366053
351293 392153
351383 383153
351863 368153
352483 384253
352883 388253
353173 371353
353263 362353
353453 354353
353963 369353
354373 373453
354763 367453
355093 390553
355193 391553
355573 375553
356093 390653
357083 380753
357263 362753
357473 374753
357793 397753
358783 387853
358973 379853
358993 399853
359063 360953
359263 362953
359663 366953
359783 387953
360193 391063
361763 367163
361873 378163
361973 379163
361993 399163
362093 390263
362293 392263
363373 373363
363683 386363
364073 370463
364373 373463
364873 378463
365773 377563
365983 389563
366173 371663
366293 392663
366973 379663
366983 389663
367273 372763
369293 392963
369673 376963
369793 397963
370193 391073
370373 373073
370493 394073
370793 397073
372973 379273
373183 381373
373193 391373
373393 393373
373693 396373
374293 392473
374483 384473
374893 398473
374993 399473
375673 376573
376183 381673
376483 384673
376793 397673
378193 391873
378283 382873
378593 395873
380383 383083
380983 389083
381793 397183
383393 393383
383483 384383
383683 386383
385393 393583
388693 396883
392593 395293
394993 399493
